Using pre-set license
Built from '2020.3/release' branch; Version is '2020.3.12f1 (b3b2c6512326) revision 11776710'; Using compiler version '192528614'; Build Type 'Release'
OS: 'Windows 10 Pro; OS build 19045.3086; Version 2009; 64bit' Language: 'en' Physical Memory: 7989 MB
BatchMode: 1, IsHumanControllingUs: 0, StartBugReporterOnCrash: 0, Is64bit: 1, IsPro: 0

 COMMAND LINE ARGUMENTS:
C:\Program Files\Unity\Hub\Editor\2020.3.12f1\Editor\Unity.exe
-adb2
-batchMode
-noUpm
-name
AssetImportWorker0
-projectPath
C:/Users/Ninja33/Documents/GitHub/Labyrinth/BS-Labyrinth
-logFile
Logs/AssetImportWorker0.log
-srvPort
54442
Successfully changed project path to: C:/Users/Ninja33/Documents/GitHub/Labyrinth/BS-Labyrinth
C:/Users/Ninja33/Documents/GitHub/Labyrinth/BS-Labyrinth
Using Asset Import Pipeline V2.
Refreshing native plugins compatible for Editor in 100.14 ms, found 2 plugins.
Preloading 0 native plugins for Editor in 0.00 ms.
Initialize engine version: 2020.3.12f1 (b3b2c6512326)
[Subsystems] Discovering subsystems at path C:/Program Files/Unity/Hub/Editor/2020.3.12f1/Editor/Data/Resources/UnitySubsystems
[Subsystems] Discovering subsystems at path C:/Users/Ninja33/Documents/GitHub/Labyrinth/BS-Labyrinth/Assets
GfxDevice: creating device client; threaded=0
Direct3D:
    Version:  Direct3D 11.0 [level 10.0]
    Renderer: Intel(R) HD Graphics (ID=0x46)
    Vendor:   
    VRAM:     128 MB
    Driver:   8.15.10.2900
Initialize mono
Mono path[0] = 'C:/Program Files/Unity/Hub/Editor/2020.3.12f1/Editor/Data/Managed'
Mono path[1] = 'C:/Program Files/Unity/Hub/Editor/2020.3.12f1/Editor/Data/MonoBleedingEdge/lib/mono/unityjit'
Mono config path = 'C:/Program Files/Unity/Hub/Editor/2020.3.12f1/Editor/Data/MonoBleedingEdge/etc'
Using monoOptions --debugger-agent=transport=dt_socket,embedding=1,server=y,suspend=n,address=127.0.0.1:56848
Begin MonoManager ReloadAssembly
Registering precompiled unity dll's ...
Register platform support module: C:/Program Files/Unity/Hub/Editor/2020.3.12f1/Editor/Data/PlaybackEngines/WindowsStandaloneSupport/UnityEditor.WindowsStandalone.Extensions.dll
Registered in 0.007741 seconds.
Native extension for WindowsStandalone target not found
Refreshing native plugins compatible for Editor in 73.63 ms, found 2 plugins.
Preloading 0 native plugins for Editor in 0.00 ms.
Mono: successfully reloaded assembly
- Completed reload, in  4.692 seconds
Platform modules already initialized, skipping
Registering precompiled user dll's ...
Registered in 0.013878 seconds.
Begin MonoManager ReloadAssembly
Native extension for WindowsStandalone target not found
Refreshing native plugins compatible for Editor in 0.78 ms, found 2 plugins.
Preloading 0 native plugins for Editor in 0.00 ms.
Mono: successfully reloaded assembly
- Completed reload, in  2.707 seconds
Platform modules already initialized, skipping
========================================================================
Worker process is ready to serve import requests
Launched and connected shader compiler UnityShaderCompiler.exe after 0.09 seconds
Refreshing native plugins compatible for Editor in 0.93 ms, found 2 plugins.
Preloading 0 native plugins for Editor in 0.00 ms.
Unloading 1391 Unused Serialized files (Serialized files now loaded: 0)
System memory in use before: 64.9 MB.
System memory in use after: 64.9 MB.

Unloading 19 unused Assets to reduce memory usage. Loaded Objects now: 1823.
Total: 4.567100 ms (FindLiveObjects: 0.382100 ms CreateObjectMapping: 0.108200 ms MarkObjects: 3.883700 ms  DeleteObjects: 0.188800 ms)

AssetImportParameters requested are different than current active one (requested -> active):
  custom:framework-win-MediaFoundation: 216162199b28c13a410421893ffa2e32 -> 
  custom:video-decoder-ogg-theora: a1e56fd34408186e4bbccfd4996cb3dc -> 
  custom:container-muxer-webm: aa71ff27fc2769a1b78a27578f13a17b -> 
  custom:container-demuxer-webm: 4f35f7cbe854078d1ac9338744f61a02 -> 
  custom:container-demuxer-ogg: 62fdf1f143b41e24485cea50d1cbac27 -> 
  custom:video-encoder-webm-vp8: eb34c28f22e8b96e1ab97ce403110664 -> 
  custom:video-decoder-webm-vp8: 9c59270c3fd7afecdb556c50c9e8de78 -> 
  custom:audio-decoder-ogg-vorbis: bf7c407c2cedff20999df2af8eb42d56 -> 
  custom:audio-encoder-webm-vorbis: bf7c407c2cedff20999df2af8eb42d56 -> 
========================================================================
Received Import Request.
  path: Assets/Scenes/Labyrinth.unity
  artifactKey: Guid(22c8553cd79e40b4c910741a9340f4c6) Importer(815301076,1909f56bfc062723c751e8b465ee728b)
Start importing Assets/Scenes/Labyrinth.unity using Guid(22c8553cd79e40b4c910741a9340f4c6) Importer(815301076,1909f56bfc062723c751e8b465ee728b)  -> (artifact id: '70a6b38e33e831e0fda76b35a9e1268e') in 0.052129 seconds 
  Import took 0.059970 seconds .

========================================================================
Received Import Request.
  Time since last request: 1.684707 seconds.
  path: Assets/Scenes/Labyrinth.unity
  artifactKey: Guid(22c8553cd79e40b4c910741a9340f4c6) Importer(815301076,1909f56bfc062723c751e8b465ee728b)
Start importing Assets/Scenes/Labyrinth.unity using Guid(22c8553cd79e40b4c910741a9340f4c6) Importer(815301076,1909f56bfc062723c751e8b465ee728b)  -> (artifact id: '70a6b38e33e831e0fda76b35a9e1268e') in 0.006655 seconds 
  Import took 0.012180 seconds .

========================================================================
Received Prepare
Registering precompiled user dll's ...
Registered in 0.012660 seconds.
Begin MonoManager ReloadAssembly
Native extension for WindowsStandalone target not found
Refreshing native plugins compatible for Editor in 0.74 ms, found 2 plugins.
Preloading 0 native plugins for Editor in 0.00 ms.
Mono: successfully reloaded assembly
- Completed reload, in  2.205 seconds
Platform modules already initialized, skipping
Refreshing native plugins compatible for Editor in 0.76 ms, found 2 plugins.
Preloading 0 native plugins for Editor in 0.00 ms.
Unloading 1386 Unused Serialized files (Serialized files now loaded: 0)
System memory in use before: 64.8 MB.
System memory in use after: 64.9 MB.

Unloading 14 unused Assets to reduce memory usage. Loaded Objects now: 1826.
Total: 4.799900 ms (FindLiveObjects: 0.298900 ms CreateObjectMapping: 0.106400 ms MarkObjects: 4.266000 ms  DeleteObjects: 0.125000 ms)

AssetImportParameters requested are different than current active one (requested -> active):
  custom:framework-win-MediaFoundation: 216162199b28c13a410421893ffa2e32 -> 
  custom:video-decoder-ogg-theora: a1e56fd34408186e4bbccfd4996cb3dc -> 
  custom:container-muxer-webm: aa71ff27fc2769a1b78a27578f13a17b -> 
  custom:container-demuxer-webm: 4f35f7cbe854078d1ac9338744f61a02 -> 
  custom:container-demuxer-ogg: 62fdf1f143b41e24485cea50d1cbac27 -> 
  custom:video-encoder-webm-vp8: eb34c28f22e8b96e1ab97ce403110664 -> 
  custom:video-decoder-webm-vp8: 9c59270c3fd7afecdb556c50c9e8de78 -> 
  custom:audio-decoder-ogg-vorbis: bf7c407c2cedff20999df2af8eb42d56 -> 
  custom:audio-encoder-webm-vorbis: bf7c407c2cedff20999df2af8eb42d56 -> 
========================================================================
Received Prepare
Registering precompiled user dll's ...
Registered in 0.008456 seconds.
Begin MonoManager ReloadAssembly
Native extension for WindowsStandalone target not found
Refreshing native plugins compatible for Editor in 0.74 ms, found 2 plugins.
Preloading 0 native plugins for Editor in 0.00 ms.
Mono: successfully reloaded assembly
- Completed reload, in  2.363 seconds
Platform modules already initialized, skipping
Refreshing native plugins compatible for Editor in 0.73 ms, found 2 plugins.
Preloading 0 native plugins for Editor in 0.00 ms.
Unloading 1387 Unused Serialized files (Serialized files now loaded: 0)
System memory in use before: 64.9 MB.
System memory in use after: 64.9 MB.

Unloading 14 unused Assets to reduce memory usage. Loaded Objects now: 1830.
Total: 5.130800 ms (FindLiveObjects: 0.306200 ms CreateObjectMapping: 0.107200 ms MarkObjects: 4.583300 ms  DeleteObjects: 0.130400 ms)

AssetImportParameters requested are different than current active one (requested -> active):
  custom:framework-win-MediaFoundation: 216162199b28c13a410421893ffa2e32 -> 
  custom:video-decoder-ogg-theora: a1e56fd34408186e4bbccfd4996cb3dc -> 
  custom:container-muxer-webm: aa71ff27fc2769a1b78a27578f13a17b -> 
  custom:container-demuxer-webm: 4f35f7cbe854078d1ac9338744f61a02 -> 
  custom:container-demuxer-ogg: 62fdf1f143b41e24485cea50d1cbac27 -> 
  custom:video-encoder-webm-vp8: eb34c28f22e8b96e1ab97ce403110664 -> 
  custom:video-decoder-webm-vp8: 9c59270c3fd7afecdb556c50c9e8de78 -> 
  custom:audio-decoder-ogg-vorbis: bf7c407c2cedff20999df2af8eb42d56 -> 
  custom:audio-encoder-webm-vorbis: bf7c407c2cedff20999df2af8eb42d56 -> 
========================================================================
Received Prepare
Registering precompiled user dll's ...
Registered in 0.008447 seconds.
Begin MonoManager ReloadAssembly
Native extension for WindowsStandalone target not found
Refreshing native plugins compatible for Editor in 0.77 ms, found 2 plugins.
Preloading 0 native plugins for Editor in 0.00 ms.
Mono: successfully reloaded assembly
- Completed reload, in  2.406 seconds
Platform modules already initialized, skipping
Refreshing native plugins compatible for Editor in 0.72 ms, found 2 plugins.
Preloading 0 native plugins for Editor in 0.00 ms.
Unloading 1387 Unused Serialized files (Serialized files now loaded: 0)
System memory in use before: 64.9 MB.
System memory in use after: 65.0 MB.

Unloading 14 unused Assets to reduce memory usage. Loaded Objects now: 1833.
Total: 5.293200 ms (FindLiveObjects: 0.323400 ms CreateObjectMapping: 0.106900 ms MarkObjects: 4.726700 ms  DeleteObjects: 0.132600 ms)

AssetImportParameters requested are different than current active one (requested -> active):
  custom:framework-win-MediaFoundation: 216162199b28c13a410421893ffa2e32 -> 
  custom:video-decoder-ogg-theora: a1e56fd34408186e4bbccfd4996cb3dc -> 
  custom:container-muxer-webm: aa71ff27fc2769a1b78a27578f13a17b -> 
  custom:container-demuxer-webm: 4f35f7cbe854078d1ac9338744f61a02 -> 
  custom:container-demuxer-ogg: 62fdf1f143b41e24485cea50d1cbac27 -> 
  custom:video-encoder-webm-vp8: eb34c28f22e8b96e1ab97ce403110664 -> 
  custom:video-decoder-webm-vp8: 9c59270c3fd7afecdb556c50c9e8de78 -> 
  custom:audio-decoder-ogg-vorbis: bf7c407c2cedff20999df2af8eb42d56 -> 
  custom:audio-encoder-webm-vorbis: bf7c407c2cedff20999df2af8eb42d56 -> 
========================================================================
Received Prepare
Registering precompiled user dll's ...
Registered in 0.008599 seconds.
Begin MonoManager ReloadAssembly
Native extension for WindowsStandalone target not found
Refreshing native plugins compatible for Editor in 1.58 ms, found 2 plugins.
Preloading 0 native plugins for Editor in 0.00 ms.
Mono: successfully reloaded assembly
- Completed reload, in  2.473 seconds
Platform modules already initialized, skipping
Refreshing native plugins compatible for Editor in 0.78 ms, found 2 plugins.
Preloading 0 native plugins for Editor in 0.00 ms.
Unloading 1387 Unused Serialized files (Serialized files now loaded: 0)
System memory in use before: 64.9 MB.
System memory in use after: 65.0 MB.

Unloading 14 unused Assets to reduce memory usage. Loaded Objects now: 1836.
Total: 5.168400 ms (FindLiveObjects: 0.484800 ms CreateObjectMapping: 0.117400 ms MarkObjects: 4.426300 ms  DeleteObjects: 0.136100 ms)

AssetImportParameters requested are different than current active one (requested -> active):
  custom:framework-win-MediaFoundation: 216162199b28c13a410421893ffa2e32 -> 
  custom:video-decoder-ogg-theora: a1e56fd34408186e4bbccfd4996cb3dc -> 
  custom:container-muxer-webm: aa71ff27fc2769a1b78a27578f13a17b -> 
  custom:container-demuxer-webm: 4f35f7cbe854078d1ac9338744f61a02 -> 
  custom:container-demuxer-ogg: 62fdf1f143b41e24485cea50d1cbac27 -> 
  custom:video-encoder-webm-vp8: eb34c28f22e8b96e1ab97ce403110664 -> 
  custom:video-decoder-webm-vp8: 9c59270c3fd7afecdb556c50c9e8de78 -> 
  custom:audio-decoder-ogg-vorbis: bf7c407c2cedff20999df2af8eb42d56 -> 
  custom:audio-encoder-webm-vorbis: bf7c407c2cedff20999df2af8eb42d56 -> 
========================================================================
Received Prepare
Registering precompiled user dll's ...
Registered in 0.008411 seconds.
Begin MonoManager ReloadAssembly
Native extension for WindowsStandalone target not found
Refreshing native plugins compatible for Editor in 0.73 ms, found 2 plugins.
Preloading 0 native plugins for Editor in 0.00 ms.
Mono: successfully reloaded assembly
- Completed reload, in  2.496 seconds
Platform modules already initialized, skipping
Refreshing native plugins compatible for Editor in 0.75 ms, found 2 plugins.
Preloading 0 native plugins for Editor in 0.00 ms.
Unloading 1387 Unused Serialized files (Serialized files now loaded: 0)
System memory in use before: 64.9 MB.
System memory in use after: 65.0 MB.

Unloading 14 unused Assets to reduce memory usage. Loaded Objects now: 1839.
Total: 4.339700 ms (FindLiveObjects: 0.306600 ms CreateObjectMapping: 0.150000 ms MarkObjects: 3.758400 ms  DeleteObjects: 0.121100 ms)

AssetImportParameters requested are different than current active one (requested -> active):
  custom:framework-win-MediaFoundation: 216162199b28c13a410421893ffa2e32 -> 
  custom:video-decoder-ogg-theora: a1e56fd34408186e4bbccfd4996cb3dc -> 
  custom:container-muxer-webm: aa71ff27fc2769a1b78a27578f13a17b -> 
  custom:container-demuxer-webm: 4f35f7cbe854078d1ac9338744f61a02 -> 
  custom:container-demuxer-ogg: 62fdf1f143b41e24485cea50d1cbac27 -> 
  custom:video-encoder-webm-vp8: eb34c28f22e8b96e1ab97ce403110664 -> 
  custom:video-decoder-webm-vp8: 9c59270c3fd7afecdb556c50c9e8de78 -> 
  custom:audio-decoder-ogg-vorbis: bf7c407c2cedff20999df2af8eb42d56 -> 
  custom:audio-encoder-webm-vorbis: bf7c407c2cedff20999df2af8eb42d56 -> 
========================================================================
Received Prepare
Registering precompiled user dll's ...
Registered in 0.012747 seconds.
Begin MonoManager ReloadAssembly
Native extension for WindowsStandalone target not found
Refreshing native plugins compatible for Editor in 1.21 ms, found 2 plugins.
Preloading 0 native plugins for Editor in 0.00 ms.
Mono: successfully reloaded assembly
- Completed reload, in  2.811 seconds
Platform modules already initialized, skipping
Refreshing native plugins compatible for Editor in 0.73 ms, found 2 plugins.
Preloading 0 native plugins for Editor in 0.00 ms.
Unloading 1387 Unused Serialized files (Serialized files now loaded: 0)
System memory in use before: 64.9 MB.
System memory in use after: 65.0 MB.

Unloading 14 unused Assets to reduce memory usage. Loaded Objects now: 1842.
Total: 5.041500 ms (FindLiveObjects: 0.310000 ms CreateObjectMapping: 0.133500 ms MarkObjects: 4.463200 ms  DeleteObjects: 0.130700 ms)

AssetImportParameters requested are different than current active one (requested -> active):
  custom:framework-win-MediaFoundation: 216162199b28c13a410421893ffa2e32 -> 
  custom:video-decoder-ogg-theora: a1e56fd34408186e4bbccfd4996cb3dc -> 
  custom:container-muxer-webm: aa71ff27fc2769a1b78a27578f13a17b -> 
  custom:container-demuxer-webm: 4f35f7cbe854078d1ac9338744f61a02 -> 
  custom:container-demuxer-ogg: 62fdf1f143b41e24485cea50d1cbac27 -> 
  custom:video-encoder-webm-vp8: eb34c28f22e8b96e1ab97ce403110664 -> 
  custom:video-decoder-webm-vp8: 9c59270c3fd7afecdb556c50c9e8de78 -> 
  custom:audio-decoder-ogg-vorbis: bf7c407c2cedff20999df2af8eb42d56 -> 
  custom:audio-encoder-webm-vorbis: bf7c407c2cedff20999df2af8eb42d56 -> 
========================================================================
Received Import Request.
  Time since last request: 1222.600097 seconds.
  path: Assets/Materials/Codey.mat
  artifactKey: Guid(21f49ebcdc6a517468f34e74c0c814d0) Importer(815301076,1909f56bfc062723c751e8b465ee728b)
Start importing Assets/Materials/Codey.mat using Guid(21f49ebcdc6a517468f34e74c0c814d0) Importer(815301076,1909f56bfc062723c751e8b465ee728b)  -> (artifact id: '8b344cda76b6e793832e5eb2c4d63d84') in 0.455528 seconds 
  Import took 0.462289 seconds .

========================================================================
Received Import Request.
  Time since last request: 0.008762 seconds.
  path: Assets/Materials/brick.mat
  artifactKey: Guid(7c9be04cfc1f1404eab96470a123529b) Importer(815301076,1909f56bfc062723c751e8b465ee728b)
Start importing Assets/Materials/brick.mat using Guid(7c9be04cfc1f1404eab96470a123529b) Importer(815301076,1909f56bfc062723c751e8b465ee728b)  -> (artifact id: '945cdfde937b7e6504b8e02cd389cca5') in 0.061377 seconds 
  Import took 0.067378 seconds .

========================================================================
Received Import Request.
  Time since last request: 0.009623 seconds.
  path: Assets/FX/JMO Assets/Materials/CFX_Star Add.mat
  artifactKey: Guid(28bd8c3c14d3f214da37557b91e0fa5d) Importer(815301076,1909f56bfc062723c751e8b465ee728b)
Start importing Assets/FX/JMO Assets/Materials/CFX_Star Add.mat using Guid(28bd8c3c14d3f214da37557b91e0fa5d) Importer(815301076,1909f56bfc062723c751e8b465ee728b)  -> (artifact id: '26516f566d3fcdabf629423d770f360f') in 0.108000 seconds 
  Import took 0.113520 seconds .

========================================================================
Received Import Request.
  Time since last request: 0.008597 seconds.
  path: Assets/ProveYourself/FX/hitWall.prefab
  artifactKey: Guid(9ca4cf61ec45f694ba748fd799e7607f) Importer(815301076,1909f56bfc062723c751e8b465ee728b)
Start importing Assets/ProveYourself/FX/hitWall.prefab using Guid(9ca4cf61ec45f694ba748fd799e7607f) Importer(815301076,1909f56bfc062723c751e8b465ee728b)  -> (artifact id: '5e8e161e4ed27aa5c7e09309db2fe160') in 0.047688 seconds 
  Import took 0.053963 seconds .

========================================================================
Received Import Request.
  Time since last request: 0.007267 seconds.
  path: Assets/Scenes/Labyrinth/NavMesh.asset
  artifactKey: Guid(6695b370648ee4747b8bb1842d381bd9) Importer(815301076,1909f56bfc062723c751e8b465ee728b)
Start importing Assets/Scenes/Labyrinth/NavMesh.asset using Guid(6695b370648ee4747b8bb1842d381bd9) Importer(815301076,1909f56bfc062723c751e8b465ee728b)  -> (artifact id: 'eacce3188b6001f8c1da32bc19937e46') in 0.026523 seconds 
  Import took 0.032258 seconds .

========================================================================
Received Import Request.
  Time since last request: 0.007153 seconds.
  path: Assets/Materials/CodeyTexture.jpg
  artifactKey: Guid(b3b0e444b4e2b1342a1ba4615b0b97fa) Importer(815301076,1909f56bfc062723c751e8b465ee728b)
Start importing Assets/Materials/CodeyTexture.jpg using Guid(b3b0e444b4e2b1342a1ba4615b0b97fa) Importer(815301076,1909f56bfc062723c751e8b465ee728b)  -> (artifact id: 'eb81075c3bb4b73c831190961524a56f') in 0.173018 seconds 
  Import took 0.178710 seconds .

========================================================================
Received Import Request.
  Time since last request: 0.009264 seconds.
  path: Assets/Models/castleWall-long.fbx
  artifactKey: Guid(c15aea4a3030755499caa82746d6cb46) Importer(815301076,1909f56bfc062723c751e8b465ee728b)
Start importing Assets/Models/castleWall-long.fbx using Guid(c15aea4a3030755499caa82746d6cb46) Importer(815301076,1909f56bfc062723c751e8b465ee728b)  -> (artifact id: '84a9e8ed01c1ab49ad9663b1bb922f53') in 0.742076 seconds 
  Import took 0.747284 seconds .

========================================================================
Received Import Request.
  Time since last request: 0.009107 seconds.
  path: Assets/moveToGoal.cs
  artifactKey: Guid(e304ebce5774ebc4891fe38710f3848f) Importer(815301076,1909f56bfc062723c751e8b465ee728b)
Start importing Assets/moveToGoal.cs using Guid(e304ebce5774ebc4891fe38710f3848f) Importer(815301076,1909f56bfc062723c751e8b465ee728b)  -> (artifact id: '66febf93aa2645336c1cda70a0631a9f') in 0.041907 seconds 
  Import took 0.046874 seconds .

========================================================================
Received Import Request.
  Time since last request: 0.008425 seconds.
  path: Assets/Animations/Codey@idelPose.fbx
  artifactKey: Guid(e6ee5e2b4f423f84c8b0e4a087bed79b) Importer(815301076,1909f56bfc062723c751e8b465ee728b)
Start importing Assets/Animations/Codey@idelPose.fbx using Guid(e6ee5e2b4f423f84c8b0e4a087bed79b) Importer(815301076,1909f56bfc062723c751e8b465ee728b)  -> (artifact id: 'c08cb2dabe6743ecd52d86d6080f3107') in 0.036453 seconds 
  Import took 0.041923 seconds .

========================================================================
Received Import Request.
  Time since last request: 0.004796 seconds.
  path: Assets/Models
  artifactKey: Guid(5e44e8b7909f9094b88eafb033aa6269) Importer(815301076,1909f56bfc062723c751e8b465ee728b)
Start importing Assets/Models using Guid(5e44e8b7909f9094b88eafb033aa6269) Importer(815301076,1909f56bfc062723c751e8b465ee728b)  -> (artifact id: 'c00a14efd33ebc78ecb3fdb9f20aa1b2') in 0.026216 seconds 
  Import took 0.031686 seconds .

========================================================================
Received Import Request.
  Time since last request: 0.004665 seconds.
  path: Assets/Prefabs
  artifactKey: Guid(3ec49ee9e35fa2b4cbf41c270b2d2db5) Importer(815301076,1909f56bfc062723c751e8b465ee728b)
Start importing Assets/Prefabs using Guid(3ec49ee9e35fa2b4cbf41c270b2d2db5) Importer(815301076,1909f56bfc062723c751e8b465ee728b)  -> (artifact id: 'f363a766e4ea3976f47800d5f93812ee') in 0.006830 seconds 
  Import took 0.012644 seconds .

========================================================================
Received Import Request.
  Time since last request: 0.008008 seconds.
  path: Assets/Prefabs/gem.prefab
  artifactKey: Guid(050efd230c4094246b4f2c6039b362e7) Importer(815301076,1909f56bfc062723c751e8b465ee728b)
Start importing Assets/Prefabs/gem.prefab using Guid(050efd230c4094246b4f2c6039b362e7) Importer(815301076,1909f56bfc062723c751e8b465ee728b)  -> (artifact id: '22fe365d09f0ea5a1fbc1ca248e69245') in 0.031769 seconds 
  Import took 0.037948 seconds .

========================================================================
Received Import Request.
  Time since last request: 0.006840 seconds.
  path: Assets/Materials/sandstone.mat
  artifactKey: Guid(cbb0d6e64be7e194ba35d276d7113443) Importer(815301076,1909f56bfc062723c751e8b465ee728b)
Start importing Assets/Materials/sandstone.mat using Guid(cbb0d6e64be7e194ba35d276d7113443) Importer(815301076,1909f56bfc062723c751e8b465ee728b)  -> (artifact id: 'bf6a2ef9778d645b1d911adbf6cf7654') in 0.054619 seconds 
  Import took 0.060430 seconds .

========================================================================
Received Import Request.
  Time since last request: 0.009075 seconds.
  path: Assets/Scenes/SampleScene.unity
  artifactKey: Guid(9fc0d4010bbf28b4594072e72b8655ab) Importer(815301076,1909f56bfc062723c751e8b465ee728b)
Start importing Assets/Scenes/SampleScene.unity using Guid(9fc0d4010bbf28b4594072e72b8655ab) Importer(815301076,1909f56bfc062723c751e8b465ee728b)  -> (artifact id: '85059f4f9e1a832ed95adaa0d25c5c4c') in 0.024482 seconds 
  Import took 0.029532 seconds .

========================================================================
Received Import Request.
  Time since last request: 0.007888 seconds.
  path: Assets/Models/Codey.fbx
  artifactKey: Guid(a656d097d5ac93b4cabeb8a33bbe1bca) Importer(815301076,1909f56bfc062723c751e8b465ee728b)
Start importing Assets/Models/Codey.fbx using Guid(a656d097d5ac93b4cabeb8a33bbe1bca) Importer(815301076,1909f56bfc062723c751e8b465ee728b)  -> (artifact id: '9b12281ab61e522ad14d42cd7c75af3f') in 0.553177 seconds 
  Import took 0.560356 seconds .

========================================================================
Received Import Request.
  Time since last request: 0.011714 seconds.
  path: Assets/FX/JMO Assets/Materials/Textures/CFX_T_Anim4_RoundedLines.png
  artifactKey: Guid(7987b6791dff098469332588914e2c84) Importer(815301076,1909f56bfc062723c751e8b465ee728b)
Start importing Assets/FX/JMO Assets/Materials/Textures/CFX_T_Anim4_RoundedLines.png using Guid(7987b6791dff098469332588914e2c84) Importer(815301076,1909f56bfc062723c751e8b465ee728b)  -> (artifact id: '604ae5f6b994c25bd65ddab237d440a9') in 0.042522 seconds 
  Import took 0.051218 seconds .

========================================================================
Received Import Request.
  Time since last request: 0.011365 seconds.
  path: Assets/Models/castleTurret.fbx
  artifactKey: Guid(863bc32fd25b7a245aeed002aba5b844) Importer(815301076,1909f56bfc062723c751e8b465ee728b)
Start importing Assets/Models/castleTurret.fbx using Guid(863bc32fd25b7a245aeed002aba5b844) Importer(815301076,1909f56bfc062723c751e8b465ee728b)  -> (artifact id: '7c6db37ea720f1b40a6426a7ea6eb202') in 0.076161 seconds 
  Import took 0.082202 seconds .

========================================================================
Received Import Request.
  Time since last request: 0.006650 seconds.
  path: Assets/ProveYourself
  artifactKey: Guid(d0f3a8ec4771bf94b962e678a031273e) Importer(815301076,1909f56bfc062723c751e8b465ee728b)
Start importing Assets/ProveYourself using Guid(d0f3a8ec4771bf94b962e678a031273e) Importer(815301076,1909f56bfc062723c751e8b465ee728b)  -> (artifact id: '9daf6a824934b68fb9958002d6522a89') in 0.024034 seconds 
  Import took 0.029684 seconds .

========================================================================
Received Import Request.
  Time since last request: 0.006536 seconds.
  path: Assets/Models/castleWall-short.fbx
  artifactKey: Guid(1a3e3b7e3e65ab74b85d4b467c829b59) Importer(815301076,1909f56bfc062723c751e8b465ee728b)
Start importing Assets/Models/castleWall-short.fbx using Guid(1a3e3b7e3e65ab74b85d4b467c829b59) Importer(815301076,1909f56bfc062723c751e8b465ee728b)  -> (artifact id: 'd0eb14727ee540477a8847b201d575cc') in 0.076359 seconds 
  Import took 0.082488 seconds .

========================================================================
Received Import Request.
  Time since last request: 0.008613 seconds.
  path: Assets/ProveYourself/PY.unity
  artifactKey: Guid(33c08e32ece4cc3448ab035b4080b132) Importer(815301076,1909f56bfc062723c751e8b465ee728b)
Start importing Assets/ProveYourself/PY.unity using Guid(33c08e32ece4cc3448ab035b4080b132) Importer(815301076,1909f56bfc062723c751e8b465ee728b)  -> (artifact id: '37d5bde19400b7da733e713b444a6672') in 0.025381 seconds 
  Import took 0.031233 seconds .

========================================================================
Received Import Request.
  Time since last request: 0.007106 seconds.
  path: Assets/FX/JMO Assets/Materials/Textures/CFX_T_Star.tga
  artifactKey: Guid(95b22be2b746dff46a95032d1620aae1) Importer(815301076,1909f56bfc062723c751e8b465ee728b)
Start importing Assets/FX/JMO Assets/Materials/Textures/CFX_T_Star.tga using Guid(95b22be2b746dff46a95032d1620aae1) Importer(815301076,1909f56bfc062723c751e8b465ee728b)  -> (artifact id: '5dddc134e77a08d28fbcc4f9c4dddee2') in 0.040971 seconds 
  Import took 0.047186 seconds .

========================================================================
Received Import Request.
  Time since last request: 0.006135 seconds.
  path: Assets/ProveYourself/Scripts
  artifactKey: Guid(1e351bc0086e024479271b59d8adc22c) Importer(815301076,1909f56bfc062723c751e8b465ee728b)
Start importing Assets/ProveYourself/Scripts using Guid(1e351bc0086e024479271b59d8adc22c) Importer(815301076,1909f56bfc062723c751e8b465ee728b)  -> (artifact id: 'fd1408270b61495b393454982e04a3fe') in 0.025996 seconds 
  Import took 0.032274 seconds .

========================================================================
Received Import Request.
  Time since last request: 0.004877 seconds.
  path: Assets/FX/JMO Assets
  artifactKey: Guid(794f2779a2e674f4f854bb41b18ddfc0) Importer(815301076,1909f56bfc062723c751e8b465ee728b)
Start importing Assets/FX/JMO Assets using Guid(794f2779a2e674f4f854bb41b18ddfc0) Importer(815301076,1909f56bfc062723c751e8b465ee728b)  -> (artifact id: 'b680788606b1a9e38281844a8e40130c') in 0.022461 seconds 
  Import took 0.027348 seconds .

========================================================================
Received Import Request.
  Time since last request: 0.004950 seconds.
  path: Assets/Scenes/Labyrinth
  artifactKey: Guid(194b5bea01b51834ebbe4efe468f7c5e) Importer(815301076,1909f56bfc062723c751e8b465ee728b)
Start importing Assets/Scenes/Labyrinth using Guid(194b5bea01b51834ebbe4efe468f7c5e) Importer(815301076,1909f56bfc062723c751e8b465ee728b)  -> (artifact id: 'dc104d833ca2f15dab69e141eceb1b40') in 0.028735 seconds 
  Import took 0.034619 seconds .

========================================================================
Received Import Request.
  Time since last request: 0.008280 seconds.
  path: Assets/Animations/CodyController.controller
  artifactKey: Guid(61bdb146442ca6943aa108c656c556ff) Importer(815301076,1909f56bfc062723c751e8b465ee728b)
Start importing Assets/Animations/CodyController.controller using Guid(61bdb146442ca6943aa108c656c556ff) Importer(815301076,1909f56bfc062723c751e8b465ee728b)  -> (artifact id: '50e6b2ec17d936adf84fc0aa6f4c351f') in 0.034789 seconds 
  Import took 0.041113 seconds .

========================================================================
Received Import Request.
  Time since last request: 0.004711 seconds.
  path: Assets/Animations
  artifactKey: Guid(1aee99c9d6bfe5e4e88655bbc7f8619a) Importer(815301076,1909f56bfc062723c751e8b465ee728b)
Start importing Assets/Animations using Guid(1aee99c9d6bfe5e4e88655bbc7f8619a) Importer(815301076,1909f56bfc062723c751e8b465ee728b)  -> (artifact id: '519beb2149eddbfce73d0d3807c549bd') in 0.023734 seconds 
  Import took 0.029325 seconds .

========================================================================
Received Import Request.
  Time since last request: 0.011895 seconds.
  path: Assets/Scenes
  artifactKey: Guid(80d9d507aa3733c43ac2ce38b86e1ca5) Importer(815301076,1909f56bfc062723c751e8b465ee728b)
Start importing Assets/Scenes using Guid(80d9d507aa3733c43ac2ce38b86e1ca5) Importer(815301076,1909f56bfc062723c751e8b465ee728b)  -> (artifact id: 'ffd1888ac6fb7a36adef6b55a240fae8') in 0.008597 seconds 
  Import took 0.019460 seconds .

========================================================================
Received Import Request.
  Time since last request: 0.006532 seconds.
  path: Assets/FX/JMO Assets/Materials/CFX_Anim_Poof_AddSoft.mat
  artifactKey: Guid(74a6f6cd13c058a43858627e5383715e) Importer(815301076,1909f56bfc062723c751e8b465ee728b)
Start importing Assets/FX/JMO Assets/Materials/CFX_Anim_Poof_AddSoft.mat using Guid(74a6f6cd13c058a43858627e5383715e) Importer(815301076,1909f56bfc062723c751e8b465ee728b)  -> (artifact id: 'cfe00119a33b9596ed1e49519db9ffe5') in 0.101623 seconds 
  Import took 0.107425 seconds .

========================================================================
Received Import Request.
  Time since last request: 0.008728 seconds.
  path: Assets/FX/JMO Assets/Materials/CFX_Smoke_4frms.mat
  artifactKey: Guid(3217b570b11b257469c5461f0457e5d4) Importer(815301076,1909f56bfc062723c751e8b465ee728b)
Start importing Assets/FX/JMO Assets/Materials/CFX_Smoke_4frms.mat using Guid(3217b570b11b257469c5461f0457e5d4) Importer(815301076,1909f56bfc062723c751e8b465ee728b)  -> (artifact id: '3b83c0d92a26269795f8437170b8056b') in 0.110045 seconds 
  Import took 0.115543 seconds .

========================================================================
Received Import Request.
  Time since last request: 0.007317 seconds.
  path: Assets/FX
  artifactKey: Guid(050b89438619ab147a8c3ebe0aaec055) Importer(815301076,1909f56bfc062723c751e8b465ee728b)
Start importing Assets/FX using Guid(050b89438619ab147a8c3ebe0aaec055) Importer(815301076,1909f56bfc062723c751e8b465ee728b)  -> (artifact id: '89b801e672450d4e960bff1de83d948b') in 0.025533 seconds 
  Import took 0.031464 seconds .

========================================================================
Received Import Request.
  Time since last request: 0.005436 seconds.
  path: Assets/FX/JMO Assets/Materials
  artifactKey: Guid(1b2e8b4034e02a44fa55a6d381d7d2f9) Importer(815301076,1909f56bfc062723c751e8b465ee728b)
Start importing Assets/FX/JMO Assets/Materials using Guid(1b2e8b4034e02a44fa55a6d381d7d2f9) Importer(815301076,1909f56bfc062723c751e8b465ee728b)  -> (artifact id: '76e89f38d48a08ece8706fdbbf5ba345') in 0.023138 seconds 
  Import took 0.028430 seconds .

========================================================================
Received Import Request.
  Time since last request: 0.008691 seconds.
  path: Assets/FX/JMO Assets/Materials/Textures/CFX_T_Smoke_4Frames.tga
  artifactKey: Guid(3d70761f9ae377945a3aad2a3936df5e) Importer(815301076,1909f56bfc062723c751e8b465ee728b)
Start importing Assets/FX/JMO Assets/Materials/Textures/CFX_T_Smoke_4Frames.tga using Guid(3d70761f9ae377945a3aad2a3936df5e) Importer(815301076,1909f56bfc062723c751e8b465ee728b)  -> (artifact id: 'e908df3c9d2dcd1b64ddd7cdfbd3e0ad') in 0.031681 seconds 
  Import took 0.036988 seconds .

========================================================================
Received Import Request.
  Time since last request: 0.008601 seconds.
  path: Assets/ProveYourself/Scripts/Restart.cs
  artifactKey: Guid(151691da88854c54cad511234dcddb85) Importer(815301076,1909f56bfc062723c751e8b465ee728b)
Start importing Assets/ProveYourself/Scripts/Restart.cs using Guid(151691da88854c54cad511234dcddb85) Importer(815301076,1909f56bfc062723c751e8b465ee728b)  -> (artifact id: '0aa35a0acf9431443fadf0f22e5bad3c') in 0.027378 seconds 
  Import took 0.033604 seconds .

========================================================================
Received Import Request.
  Time since last request: 0.006785 seconds.
  path: Assets/Models/castleWall-middle.fbx
  artifactKey: Guid(e57d1c60b513e664d9d93a5aa8fc5473) Importer(815301076,1909f56bfc062723c751e8b465ee728b)
Start importing Assets/Models/castleWall-middle.fbx using Guid(e57d1c60b513e664d9d93a5aa8fc5473) Importer(815301076,1909f56bfc062723c751e8b465ee728b)  -> (artifact id: '3faea32fe542c39e112ab0b942019c14') in 0.074865 seconds 
  Import took 0.080998 seconds .

========================================================================
Received Import Request.
  Time since last request: 0.011034 seconds.
  path: Assets/FX/JMO Assets/Materials/CFX_YellowStar.mat
  artifactKey: Guid(26c880ce3c053d04982d2c8e435fdb95) Importer(815301076,1909f56bfc062723c751e8b465ee728b)
Start importing Assets/FX/JMO Assets/Materials/CFX_YellowStar.mat using Guid(26c880ce3c053d04982d2c8e435fdb95) Importer(815301076,1909f56bfc062723c751e8b465ee728b)  -> (artifact id: '7660257a993cad8d9b7a1db76a4d785a') in 0.048098 seconds 
  Import took 0.054083 seconds .

========================================================================
Received Import Request.
  Time since last request: 0.009917 seconds.
  path: Assets/Prefabs/CFX_MagicPoof.prefab
  artifactKey: Guid(3265c07d5c8b9064792b752e584fbe35) Importer(815301076,1909f56bfc062723c751e8b465ee728b)
Start importing Assets/Prefabs/CFX_MagicPoof.prefab using Guid(3265c07d5c8b9064792b752e584fbe35) Importer(815301076,1909f56bfc062723c751e8b465ee728b)  -> (artifact id: 'a83f623dd5f635b1668eed0295fb5204') in 0.031980 seconds 
  Import took 0.038810 seconds .

========================================================================
Received Import Request.
  Time since last request: 0.007539 seconds.
  path: Assets/Scenes/Labyrinth.unity
  artifactKey: Guid(22c8553cd79e40b4c910741a9340f4c6) Importer(815301076,1909f56bfc062723c751e8b465ee728b)
Start importing Assets/Scenes/Labyrinth.unity using Guid(22c8553cd79e40b4c910741a9340f4c6) Importer(815301076,1909f56bfc062723c751e8b465ee728b)  -> (artifact id: '384b91867df3fc784be5c8d487a523b7') in 0.006154 seconds 
  Import took 0.012920 seconds .

========================================================================
Received Import Request.
  Time since last request: 0.006369 seconds.
  path: Assets/Scripts
  artifactKey: Guid(3233c9263bc718b48b0b538347880bc2) Importer(815301076,1909f56bfc062723c751e8b465ee728b)
Start importing Assets/Scripts using Guid(3233c9263bc718b48b0b538347880bc2) Importer(815301076,1909f56bfc062723c751e8b465ee728b)  -> (artifact id: 'b49e32a392f0f1ff4038419cf160da32') in 0.008957 seconds 
  Import took 0.013912 seconds .

========================================================================
Received Import Request.
  Time since last request: 0.009974 seconds.
  path: Assets/FX/JMO Assets/CFX_MagicPoof.prefab
  artifactKey: Guid(a40b64bf23366dc42a892af2c6ff6140) Importer(815301076,1909f56bfc062723c751e8b465ee728b)
Start importing Assets/FX/JMO Assets/CFX_MagicPoof.prefab using Guid(a40b64bf23366dc42a892af2c6ff6140) Importer(815301076,1909f56bfc062723c751e8b465ee728b)  -> (artifact id: '6caf5df15c990192d4148a43e3b39c73') in 0.012849 seconds 
  Import took 0.019309 seconds .

========================================================================
Received Import Request.
  Time since last request: 0.004457 seconds.
  path: Assets/Materials
  artifactKey: Guid(4842b02c7e7ca7a4a863002e79edec03) Importer(815301076,1909f56bfc062723c751e8b465ee728b)
Start importing Assets/Materials using Guid(4842b02c7e7ca7a4a863002e79edec03) Importer(815301076,1909f56bfc062723c751e8b465ee728b)  -> (artifact id: '3b98f8c45b68eb8af150cefd4741088c') in 0.004664 seconds 
  Import took 0.009642 seconds .

========================================================================
Received Import Request.
  Time since last request: 0.006699 seconds.
  path: Assets/ProveYourself/Scripts/finishParticlePlay.cs
  artifactKey: Guid(43ad623dfeeda1f498d5f662915d983a) Importer(815301076,1909f56bfc062723c751e8b465ee728b)
Start importing Assets/ProveYourself/Scripts/finishParticlePlay.cs using Guid(43ad623dfeeda1f498d5f662915d983a) Importer(815301076,1909f56bfc062723c751e8b465ee728b)  -> (artifact id: 'cf8d7b29c180a7220235087b53838052') in 0.024244 seconds 
  Import took 0.029996 seconds .

========================================================================
Received Import Request.
  Time since last request: 0.007874 seconds.
  path: Assets/Scripts/EndGame.cs
  artifactKey: Guid(cce201df2863c484699a245f108f7cd1) Importer(815301076,1909f56bfc062723c751e8b465ee728b)
Start importing Assets/Scripts/EndGame.cs using Guid(cce201df2863c484699a245f108f7cd1) Importer(815301076,1909f56bfc062723c751e8b465ee728b)  -> (artifact id: 'c44722cc74cd8471888cf99786ae4037') in 0.029649 seconds 
  Import took 0.035400 seconds .

========================================================================
Received Import Request.
  Time since last request: 0.004721 seconds.
  path: Assets/FX/JMO Assets/Materials/Textures
  artifactKey: Guid(be11574018eb9cc4882e2d9ddb8c7926) Importer(815301076,1909f56bfc062723c751e8b465ee728b)
Start importing Assets/FX/JMO Assets/Materials/Textures using Guid(be11574018eb9cc4882e2d9ddb8c7926) Importer(815301076,1909f56bfc062723c751e8b465ee728b)  -> (artifact id: '051cf69d66611c93ae28389a28024029') in 0.025676 seconds 
  Import took 0.031241 seconds .

========================================================================
Received Import Request.
  Time since last request: 0.006764 seconds.
  path: Assets/Materials/Sky.mat
  artifactKey: Guid(a3efd15c37e1c4e4fb847f133d23d06d) Importer(815301076,1909f56bfc062723c751e8b465ee728b)
Start importing Assets/Materials/Sky.mat using Guid(a3efd15c37e1c4e4fb847f133d23d06d) Importer(815301076,1909f56bfc062723c751e8b465ee728b)  -> (artifact id: 'f920b9f9cad1e51fc89357f2553f0900') in 0.069816 seconds 
  Import took 0.077119 seconds .

========================================================================
Received Import Request.
  Time since last request: 0.013403 seconds.
  path: Assets/Materials/Grass.png
  artifactKey: Guid(3c1035af8075ff34bb1e8020eb178a79) Importer(815301076,1909f56bfc062723c751e8b465ee728b)
Start importing Assets/Materials/Grass.png using Guid(3c1035af8075ff34bb1e8020eb178a79) Importer(815301076,1909f56bfc062723c751e8b465ee728b)  -> (artifact id: '05e266637d84bb6165f7a93f8a76d9b9') in 0.045430 seconds 
  Import took 0.051792 seconds .

========================================================================
Received Import Request.
  Time since last request: 0.010934 seconds.
  path: Assets/Scripts/CamFollow.cs
  artifactKey: Guid(e60137c32b7dbf74a9077c6010a53f3f) Importer(815301076,1909f56bfc062723c751e8b465ee728b)
Start importing Assets/Scripts/CamFollow.cs using Guid(e60137c32b7dbf74a9077c6010a53f3f) Importer(815301076,1909f56bfc062723c751e8b465ee728b)  -> (artifact id: '6b81e3f3fa6e6dc1ee43549936c62173') in 0.028206 seconds 
  Import took 0.036999 seconds .

========================================================================
Received Import Request.
  Time since last request: 0.012796 seconds.
  path: Assets/Materials/blocks.png
  artifactKey: Guid(5d1930178b18e3d40a86dfbc72c6dbb5) Importer(815301076,1909f56bfc062723c751e8b465ee728b)
Start importing Assets/Materials/blocks.png using Guid(5d1930178b18e3d40a86dfbc72c6dbb5) Importer(815301076,1909f56bfc062723c751e8b465ee728b)  -> (artifact id: '7c0497a57a8b5bd63fdb5fd74d734b22') in 0.048567 seconds 
  Import took 0.053914 seconds .

========================================================================
Received Import Request.
  Time since last request: 0.013350 seconds.
  path: Assets/FX/JMO Assets/Materials/Textures/CFX_T_Star Add.png
  artifactKey: Guid(df9dab791d4192b4694f9a442f64b18d) Importer(815301076,1909f56bfc062723c751e8b465ee728b)
Start importing Assets/FX/JMO Assets/Materials/Textures/CFX_T_Star Add.png using Guid(df9dab791d4192b4694f9a442f64b18d) Importer(815301076,1909f56bfc062723c751e8b465ee728b)  -> (artifact id: '2a3104241a06ecf36a302107c9bdd45d') in 0.047898 seconds 
  Import took 0.054479 seconds .

========================================================================
Received Import Request.
  Time since last request: 0.010395 seconds.
  path: Assets/Materials/grass.mat
  artifactKey: Guid(31ff13618ed5b9f4985d2505d3921702) Importer(815301076,1909f56bfc062723c751e8b465ee728b)
Start importing Assets/Materials/grass.mat using Guid(31ff13618ed5b9f4985d2505d3921702) Importer(815301076,1909f56bfc062723c751e8b465ee728b)  -> (artifact id: '37a050465a67579e37ec34b47cb070b3') in 0.049133 seconds 
  Import took 0.054461 seconds .

========================================================================
Received Import Request.
  Time since last request: 0.007496 seconds.
  path: Assets/ProveYourself/FX
  artifactKey: Guid(4900bb7b5c2655d469545112aab66e31) Importer(815301076,1909f56bfc062723c751e8b465ee728b)
Start importing Assets/ProveYourself/FX using Guid(4900bb7b5c2655d469545112aab66e31) Importer(815301076,1909f56bfc062723c751e8b465ee728b)  -> (artifact id: '808524b84d10b24b372d1db2ea2cfc24') in 0.015221 seconds 
  Import took 0.023398 seconds .

========================================================================
Received Import Request.
  Time since last request: 0.013077 seconds.
  path: Assets/Materials/sandstone.png
  artifactKey: Guid(2eb7abf283a54614d995d4fe1c533575) Importer(815301076,1909f56bfc062723c751e8b465ee728b)
Start importing Assets/Materials/sandstone.png using Guid(2eb7abf283a54614d995d4fe1c533575) Importer(815301076,1909f56bfc062723c751e8b465ee728b)  -> (artifact id: '0c5fcede848c7ca8c0a7aa16d66ef383') in 0.043962 seconds 
  Import took 0.049969 seconds .

========================================================================
Received Import Request.
  Time since last request: 0.010122 seconds.
  path: Assets/Animations/Codey@run.fbx
  artifactKey: Guid(c22be356be1efd3488ac6e73d74190b0) Importer(815301076,1909f56bfc062723c751e8b465ee728b)
Start importing Assets/Animations/Codey@run.fbx using Guid(c22be356be1efd3488ac6e73d74190b0) Importer(815301076,1909f56bfc062723c751e8b465ee728b)  -> (artifact id: '1ce0603f29f4004a474cb4b263efc224') in 0.037633 seconds 
  Import took 0.043740 seconds .

========================================================================
Received Import Request.
  Time since last request: 0.006872 seconds.
  path: Assets/Scripts/Timer.cs
  artifactKey: Guid(a00cdfcef1049a4438d62752da566967) Importer(815301076,1909f56bfc062723c751e8b465ee728b)
Start importing Assets/Scripts/Timer.cs using Guid(a00cdfcef1049a4438d62752da566967) Importer(815301076,1909f56bfc062723c751e8b465ee728b)  -> (artifact id: '43004354d67453b4ae1e5e22b5dbdeb3') in 0.023699 seconds 
  Import took 0.029754 seconds .

========================================================================
Received Prepare
Registering precompiled user dll's ...
Registered in 0.009492 seconds.
Begin MonoManager ReloadAssembly
Native extension for WindowsStandalone target not found
Refreshing native plugins compatible for Editor in 0.87 ms, found 2 plugins.
Preloading 0 native plugins for Editor in 0.00 ms.
Mono: successfully reloaded assembly
- Completed reload, in  2.227 seconds
Platform modules already initialized, skipping
Refreshing native plugins compatible for Editor in 0.73 ms, found 2 plugins.
Preloading 0 native plugins for Editor in 0.00 ms.
Unloading 1387 Unused Serialized files (Serialized files now loaded: 0)
System memory in use before: 68.9 MB.
System memory in use after: 69.0 MB.

Unloading 15 unused Assets to reduce memory usage. Loaded Objects now: 1894.
Total: 5.107900 ms (FindLiveObjects: 0.327800 ms CreateObjectMapping: 0.131100 ms MarkObjects: 4.495700 ms  DeleteObjects: 0.149300 ms)

AssetImportParameters requested are different than current active one (requested -> active):
  custom:framework-win-MediaFoundation: 216162199b28c13a410421893ffa2e32 -> 
  custom:video-decoder-ogg-theora: a1e56fd34408186e4bbccfd4996cb3dc -> 
  custom:container-muxer-webm: aa71ff27fc2769a1b78a27578f13a17b -> 
  custom:container-demuxer-webm: 4f35f7cbe854078d1ac9338744f61a02 -> 
  custom:container-demuxer-ogg: 62fdf1f143b41e24485cea50d1cbac27 -> 
  custom:video-encoder-webm-vp8: eb34c28f22e8b96e1ab97ce403110664 -> 
  custom:video-decoder-webm-vp8: 9c59270c3fd7afecdb556c50c9e8de78 -> 
  custom:audio-decoder-ogg-vorbis: bf7c407c2cedff20999df2af8eb42d56 -> 
  custom:audio-encoder-webm-vorbis: bf7c407c2cedff20999df2af8eb42d56 -> 
========================================================================
Received Prepare
Registering precompiled user dll's ...
Registered in 0.014834 seconds.
Begin MonoManager ReloadAssembly
Native extension for WindowsStandalone target not found
Refreshing native plugins compatible for Editor in 0.74 ms, found 2 plugins.
Preloading 0 native plugins for Editor in 0.00 ms.
Mono: successfully reloaded assembly
- Completed reload, in  2.253 seconds
Platform modules already initialized, skipping
Refreshing native plugins compatible for Editor in 0.73 ms, found 2 plugins.
Preloading 0 native plugins for Editor in 0.00 ms.
Unloading 1387 Unused Serialized files (Serialized files now loaded: 0)
System memory in use before: 68.9 MB.
System memory in use after: 69.0 MB.

Unloading 14 unused Assets to reduce memory usage. Loaded Objects now: 1897.
Total: 4.884700 ms (FindLiveObjects: 0.363900 ms CreateObjectMapping: 0.115800 ms MarkObjects: 4.258400 ms  DeleteObjects: 0.142400 ms)

AssetImportParameters requested are different than current active one (requested -> active):
  custom:framework-win-MediaFoundation: 216162199b28c13a410421893ffa2e32 -> 
  custom:video-decoder-ogg-theora: a1e56fd34408186e4bbccfd4996cb3dc -> 
  custom:container-muxer-webm: aa71ff27fc2769a1b78a27578f13a17b -> 
  custom:container-demuxer-webm: 4f35f7cbe854078d1ac9338744f61a02 -> 
  custom:container-demuxer-ogg: 62fdf1f143b41e24485cea50d1cbac27 -> 
  custom:video-encoder-webm-vp8: eb34c28f22e8b96e1ab97ce403110664 -> 
  custom:video-decoder-webm-vp8: 9c59270c3fd7afecdb556c50c9e8de78 -> 
  custom:audio-decoder-ogg-vorbis: bf7c407c2cedff20999df2af8eb42d56 -> 
  custom:audio-encoder-webm-vorbis: bf7c407c2cedff20999df2af8eb42d56 -> 
========================================================================
Received Import Request.
  Time since last request: 759.458426 seconds.
  path: ProjectSettings/TagManager.asset
  artifactKey: Guid(00000000000000003000000000000000) Importer(815301076,1909f56bfc062723c751e8b465ee728b)
Start importing ProjectSettings/TagManager.asset using Guid(00000000000000003000000000000000) Importer(815301076,1909f56bfc062723c751e8b465ee728b)  -> (artifact id: 'ce6a35c3cddc746e7501c0bd0ed6d4ce') in 0.060715 seconds 
  Import took 0.067476 seconds .

========================================================================
Received Prepare
Registering precompiled user dll's ...
Registered in 0.011090 seconds.
Begin MonoManager ReloadAssembly
Native extension for WindowsStandalone target not found
Refreshing native plugins compatible for Editor in 2.59 ms, found 2 plugins.
Preloading 0 native plugins for Editor in 0.00 ms.
Mono: successfully reloaded assembly
- Completed reload, in  2.512 seconds
Platform modules already initialized, skipping
Refreshing native plugins compatible for Editor in 0.74 ms, found 2 plugins.
Preloading 0 native plugins for Editor in 0.00 ms.
Unloading 1388 Unused Serialized files (Serialized files now loaded: 0)
System memory in use before: 68.9 MB.
System memory in use after: 69.0 MB.

Unloading 15 unused Assets to reduce memory usage. Loaded Objects now: 1901.
Total: 4.522900 ms (FindLiveObjects: 0.327800 ms CreateObjectMapping: 0.107600 ms MarkObjects: 3.950600 ms  DeleteObjects: 0.133000 ms)

AssetImportParameters requested are different than current active one (requested -> active):
  custom:framework-win-MediaFoundation: 216162199b28c13a410421893ffa2e32 -> 
  custom:video-decoder-ogg-theora: a1e56fd34408186e4bbccfd4996cb3dc -> 
  custom:container-muxer-webm: aa71ff27fc2769a1b78a27578f13a17b -> 
  custom:container-demuxer-webm: 4f35f7cbe854078d1ac9338744f61a02 -> 
  custom:container-demuxer-ogg: 62fdf1f143b41e24485cea50d1cbac27 -> 
  custom:video-encoder-webm-vp8: eb34c28f22e8b96e1ab97ce403110664 -> 
  custom:video-decoder-webm-vp8: 9c59270c3fd7afecdb556c50c9e8de78 -> 
  custom:audio-decoder-ogg-vorbis: bf7c407c2cedff20999df2af8eb42d56 -> 
  custom:audio-encoder-webm-vorbis: bf7c407c2cedff20999df2af8eb42d56 -> 
========================================================================
Received Prepare
Registering precompiled user dll's ...
Registered in 0.009726 seconds.
Begin MonoManager ReloadAssembly
Native extension for WindowsStandalone target not found
Refreshing native plugins compatible for Editor in 0.75 ms, found 2 plugins.
Preloading 0 native plugins for Editor in 0.00 ms.
Mono: successfully reloaded assembly
- Completed reload, in  2.569 seconds
Platform modules already initialized, skipping
Refreshing native plugins compatible for Editor in 0.77 ms, found 2 plugins.
Preloading 0 native plugins for Editor in 0.00 ms.
Unloading 1388 Unused Serialized files (Serialized files now loaded: 0)
System memory in use before: 68.9 MB.
System memory in use after: 69.0 MB.

Unloading 14 unused Assets to reduce memory usage. Loaded Objects now: 1904.
Total: 6.144300 ms (FindLiveObjects: 0.326600 ms CreateObjectMapping: 0.107900 ms MarkObjects: 5.573200 ms  DeleteObjects: 0.132800 ms)

AssetImportParameters requested are different than current active one (requested -> active):
  custom:framework-win-MediaFoundation: 216162199b28c13a410421893ffa2e32 -> 
  custom:video-decoder-ogg-theora: a1e56fd34408186e4bbccfd4996cb3dc -> 
  custom:container-muxer-webm: aa71ff27fc2769a1b78a27578f13a17b -> 
  custom:container-demuxer-webm: 4f35f7cbe854078d1ac9338744f61a02 -> 
  custom:container-demuxer-ogg: 62fdf1f143b41e24485cea50d1cbac27 -> 
  custom:video-encoder-webm-vp8: eb34c28f22e8b96e1ab97ce403110664 -> 
  custom:video-decoder-webm-vp8: 9c59270c3fd7afecdb556c50c9e8de78 -> 
  custom:audio-decoder-ogg-vorbis: bf7c407c2cedff20999df2af8eb42d56 -> 
  custom:audio-encoder-webm-vorbis: bf7c407c2cedff20999df2af8eb42d56 -> 
========================================================================
Received Prepare
Registering precompiled user dll's ...
Registered in 0.009365 seconds.
Begin MonoManager ReloadAssembly
Native extension for WindowsStandalone target not found
Refreshing native plugins compatible for Editor in 0.84 ms, found 2 plugins.
Preloading 0 native plugins for Editor in 0.00 ms.
Mono: successfully reloaded assembly
- Completed reload, in  2.466 seconds
Platform modules already initialized, skipping
Refreshing native plugins compatible for Editor in 0.72 ms, found 2 plugins.
Preloading 0 native plugins for Editor in 0.00 ms.
Unloading 1388 Unused Serialized files (Serialized files now loaded: 0)
System memory in use before: 69.0 MB.
System memory in use after: 69.0 MB.

Unloading 14 unused Assets to reduce memory usage. Loaded Objects now: 1907.
Total: 4.247300 ms (FindLiveObjects: 0.320800 ms CreateObjectMapping: 0.111300 ms MarkObjects: 3.684100 ms  DeleteObjects: 0.127600 ms)

AssetImportParameters requested are different than current active one (requested -> active):
  custom:framework-win-MediaFoundation: 216162199b28c13a410421893ffa2e32 -> 
  custom:video-decoder-ogg-theora: a1e56fd34408186e4bbccfd4996cb3dc -> 
  custom:container-muxer-webm: aa71ff27fc2769a1b78a27578f13a17b -> 
  custom:container-demuxer-webm: 4f35f7cbe854078d1ac9338744f61a02 -> 
  custom:container-demuxer-ogg: 62fdf1f143b41e24485cea50d1cbac27 -> 
  custom:video-encoder-webm-vp8: eb34c28f22e8b96e1ab97ce403110664 -> 
  custom:video-decoder-webm-vp8: 9c59270c3fd7afecdb556c50c9e8de78 -> 
  custom:audio-decoder-ogg-vorbis: bf7c407c2cedff20999df2af8eb42d56 -> 
  custom:audio-encoder-webm-vorbis: bf7c407c2cedff20999df2af8eb42d56 -> 
========================================================================
Received Prepare
Registering precompiled user dll's ...
Registered in 0.017384 seconds.
Begin MonoManager ReloadAssembly
Native extension for WindowsStandalone target not found
Refreshing native plugins compatible for Editor in 0.75 ms, found 2 plugins.
Preloading 0 native plugins for Editor in 0.00 ms.
Mono: successfully reloaded assembly
- Completed reload, in  2.504 seconds
Platform modules already initialized, skipping
Refreshing native plugins compatible for Editor in 0.73 ms, found 2 plugins.
Preloading 0 native plugins for Editor in 0.00 ms.
Unloading 1388 Unused Serialized files (Serialized files now loaded: 0)
System memory in use before: 69.0 MB.
System memory in use after: 69.0 MB.

Unloading 14 unused Assets to reduce memory usage. Loaded Objects now: 1910.
Total: 4.934100 ms (FindLiveObjects: 0.390000 ms CreateObjectMapping: 0.108000 ms MarkObjects: 4.302300 ms  DeleteObjects: 0.130100 ms)

AssetImportParameters requested are different than current active one (requested -> active):
  custom:framework-win-MediaFoundation: 216162199b28c13a410421893ffa2e32 -> 
  custom:video-decoder-ogg-theora: a1e56fd34408186e4bbccfd4996cb3dc -> 
  custom:container-muxer-webm: aa71ff27fc2769a1b78a27578f13a17b -> 
  custom:container-demuxer-webm: 4f35f7cbe854078d1ac9338744f61a02 -> 
  custom:container-demuxer-ogg: 62fdf1f143b41e24485cea50d1cbac27 -> 
  custom:video-encoder-webm-vp8: eb34c28f22e8b96e1ab97ce403110664 -> 
  custom:video-decoder-webm-vp8: 9c59270c3fd7afecdb556c50c9e8de78 -> 
  custom:audio-decoder-ogg-vorbis: bf7c407c2cedff20999df2af8eb42d56 -> 
  custom:audio-encoder-webm-vorbis: bf7c407c2cedff20999df2af8eb42d56 -> 
========================================================================
Received Prepare
Registering precompiled user dll's ...
Registered in 0.008944 seconds.
Begin MonoManager ReloadAssembly
Native extension for WindowsStandalone target not found
Refreshing native plugins compatible for Editor in 0.74 ms, found 2 plugins.
Preloading 0 native plugins for Editor in 0.00 ms.
Mono: successfully reloaded assembly
- Completed reload, in  2.298 seconds
Platform modules already initialized, skipping
Refreshing native plugins compatible for Editor in 0.80 ms, found 2 plugins.
Preloading 0 native plugins for Editor in 0.00 ms.
Unloading 1388 Unused Serialized files (Serialized files now loaded: 0)
System memory in use before: 69.0 MB.
System memory in use after: 69.0 MB.

Unloading 14 unused Assets to reduce memory usage. Loaded Objects now: 1913.
Total: 5.416400 ms (FindLiveObjects: 0.386100 ms CreateObjectMapping: 0.107400 ms MarkObjects: 4.785300 ms  DeleteObjects: 0.133800 ms)

AssetImportParameters requested are different than current active one (requested -> active):
  custom:framework-win-MediaFoundation: 216162199b28c13a410421893ffa2e32 -> 
  custom:video-decoder-ogg-theora: a1e56fd34408186e4bbccfd4996cb3dc -> 
  custom:container-muxer-webm: aa71ff27fc2769a1b78a27578f13a17b -> 
  custom:container-demuxer-webm: 4f35f7cbe854078d1ac9338744f61a02 -> 
  custom:container-demuxer-ogg: 62fdf1f143b41e24485cea50d1cbac27 -> 
  custom:video-encoder-webm-vp8: eb34c28f22e8b96e1ab97ce403110664 -> 
  custom:video-decoder-webm-vp8: 9c59270c3fd7afecdb556c50c9e8de78 -> 
  custom:audio-decoder-ogg-vorbis: bf7c407c2cedff20999df2af8eb42d56 -> 
  custom:audio-encoder-webm-vorbis: bf7c407c2cedff20999df2af8eb42d56 -> 
========================================================================
Received Prepare
Registering precompiled user dll's ...
Registered in 0.012439 seconds.
Begin MonoManager ReloadAssembly
Native extension for WindowsStandalone target not found
Refreshing native plugins compatible for Editor in 0.90 ms, found 2 plugins.
Preloading 0 native plugins for Editor in 0.00 ms.
Mono: successfully reloaded assembly
- Completed reload, in  2.413 seconds
Platform modules already initialized, skipping
Refreshing native plugins compatible for Editor in 0.74 ms, found 2 plugins.
Preloading 0 native plugins for Editor in 0.00 ms.
Unloading 1388 Unused Serialized files (Serialized files now loaded: 0)
System memory in use before: 69.0 MB.
System memory in use after: 69.0 MB.

Unloading 14 unused Assets to reduce memory usage. Loaded Objects now: 1916.
Total: 5.027000 ms (FindLiveObjects: 0.384400 ms CreateObjectMapping: 0.108500 ms MarkObjects: 4.403700 ms  DeleteObjects: 0.127000 ms)

AssetImportParameters requested are different than current active one (requested -> active):
  custom:framework-win-MediaFoundation: 216162199b28c13a410421893ffa2e32 -> 
  custom:video-decoder-ogg-theora: a1e56fd34408186e4bbccfd4996cb3dc -> 
  custom:container-muxer-webm: aa71ff27fc2769a1b78a27578f13a17b -> 
  custom:container-demuxer-webm: 4f35f7cbe854078d1ac9338744f61a02 -> 
  custom:container-demuxer-ogg: 62fdf1f143b41e24485cea50d1cbac27 -> 
  custom:video-encoder-webm-vp8: eb34c28f22e8b96e1ab97ce403110664 -> 
  custom:video-decoder-webm-vp8: 9c59270c3fd7afecdb556c50c9e8de78 -> 
  custom:audio-decoder-ogg-vorbis: bf7c407c2cedff20999df2af8eb42d56 -> 
  custom:audio-encoder-webm-vorbis: bf7c407c2cedff20999df2af8eb42d56 -> 
========================================================================
Received Prepare
Registering precompiled user dll's ...
Registered in 0.009032 seconds.
Begin MonoManager ReloadAssembly
Native extension for WindowsStandalone target not found
Refreshing native plugins compatible for Editor in 0.75 ms, found 2 plugins.
Preloading 0 native plugins for Editor in 0.00 ms.
Mono: successfully reloaded assembly
- Completed reload, in  2.414 seconds
Platform modules already initialized, skipping
Refreshing native plugins compatible for Editor in 1.01 ms, found 2 plugins.
Preloading 0 native plugins for Editor in 0.00 ms.
Unloading 1388 Unused Serialized files (Serialized files now loaded: 0)
System memory in use before: 69.0 MB.
System memory in use after: 69.0 MB.

Unloading 14 unused Assets to reduce memory usage. Loaded Objects now: 1919.
Total: 4.348600 ms (FindLiveObjects: 0.323300 ms CreateObjectMapping: 0.107400 ms MarkObjects: 3.788900 ms  DeleteObjects: 0.125600 ms)

AssetImportParameters requested are different than current active one (requested -> active):
  custom:framework-win-MediaFoundation: 216162199b28c13a410421893ffa2e32 -> 
  custom:video-decoder-ogg-theora: a1e56fd34408186e4bbccfd4996cb3dc -> 
  custom:container-muxer-webm: aa71ff27fc2769a1b78a27578f13a17b -> 
  custom:container-demuxer-webm: 4f35f7cbe854078d1ac9338744f61a02 -> 
  custom:container-demuxer-ogg: 62fdf1f143b41e24485cea50d1cbac27 -> 
  custom:video-encoder-webm-vp8: eb34c28f22e8b96e1ab97ce403110664 -> 
  custom:video-decoder-webm-vp8: 9c59270c3fd7afecdb556c50c9e8de78 -> 
  custom:audio-decoder-ogg-vorbis: bf7c407c2cedff20999df2af8eb42d56 -> 
  custom:audio-encoder-webm-vorbis: bf7c407c2cedff20999df2af8eb42d56 -> 
========================================================================
Received Import Request.
  Time since last request: 1651.255110 seconds.
  path: Assets/Pickup.cs
  artifactKey: Guid(a600eb9badcf65e41a8a561dd351d2cd) Importer(815301076,1909f56bfc062723c751e8b465ee728b)
Start importing Assets/Pickup.cs using Guid(a600eb9badcf65e41a8a561dd351d2cd) Importer(815301076,1909f56bfc062723c751e8b465ee728b)  -> (artifact id: '0b546dd3089af0e30c50604d8fb3a27c') in 0.034790 seconds 
  Import took 0.041042 seconds .

========================================================================
Received Prepare
Registering precompiled user dll's ...
Registered in 0.008616 seconds.
Begin MonoManager ReloadAssembly
Native extension for WindowsStandalone target not found
Refreshing native plugins compatible for Editor in 0.74 ms, found 2 plugins.
Preloading 0 native plugins for Editor in 0.00 ms.
Mono: successfully reloaded assembly
- Completed reload, in  2.468 seconds
Platform modules already initialized, skipping
Refreshing native plugins compatible for Editor in 0.74 ms, found 2 plugins.
Preloading 0 native plugins for Editor in 0.00 ms.
Unloading 1388 Unused Serialized files (Serialized files now loaded: 0)
System memory in use before: 69.0 MB.
System memory in use after: 69.1 MB.

Unloading 14 unused Assets to reduce memory usage. Loaded Objects now: 1922.
Total: 4.551200 ms (FindLiveObjects: 0.326300 ms CreateObjectMapping: 0.107800 ms MarkObjects: 3.983100 ms  DeleteObjects: 0.130400 ms)

AssetImportParameters requested are different than current active one (requested -> active):
  custom:framework-win-MediaFoundation: 216162199b28c13a410421893ffa2e32 -> 
  custom:video-decoder-ogg-theora: a1e56fd34408186e4bbccfd4996cb3dc -> 
  custom:container-muxer-webm: aa71ff27fc2769a1b78a27578f13a17b -> 
  custom:container-demuxer-webm: 4f35f7cbe854078d1ac9338744f61a02 -> 
  custom:container-demuxer-ogg: 62fdf1f143b41e24485cea50d1cbac27 -> 
  custom:video-encoder-webm-vp8: eb34c28f22e8b96e1ab97ce403110664 -> 
  custom:video-decoder-webm-vp8: 9c59270c3fd7afecdb556c50c9e8de78 -> 
  custom:audio-decoder-ogg-vorbis: bf7c407c2cedff20999df2af8eb42d56 -> 
  custom:audio-encoder-webm-vorbis: bf7c407c2cedff20999df2af8eb42d56 -> 
========================================================================
Received Prepare
Registering precompiled user dll's ...
Registered in 0.009593 seconds.
Begin MonoManager ReloadAssembly
Native extension for WindowsStandalone target not found
Refreshing native plugins compatible for Editor in 0.74 ms, found 2 plugins.
Preloading 0 native plugins for Editor in 0.00 ms.
Mono: successfully reloaded assembly
- Completed reload, in  2.311 seconds
Platform modules already initialized, skipping
Refreshing native plugins compatible for Editor in 0.76 ms, found 2 plugins.
Preloading 0 native plugins for Editor in 0.00 ms.
Unloading 1388 Unused Serialized files (Serialized files now loaded: 0)
System memory in use before: 69.0 MB.
System memory in use after: 69.1 MB.

Unloading 14 unused Assets to reduce memory usage. Loaded Objects now: 1925.
Total: 4.771500 ms (FindLiveObjects: 0.328500 ms CreateObjectMapping: 0.108000 ms MarkObjects: 4.208400 ms  DeleteObjects: 0.123100 ms)

AssetImportParameters requested are different than current active one (requested -> active):
  custom:framework-win-MediaFoundation: 216162199b28c13a410421893ffa2e32 -> 
  custom:video-decoder-ogg-theora: a1e56fd34408186e4bbccfd4996cb3dc -> 
  custom:container-muxer-webm: aa71ff27fc2769a1b78a27578f13a17b -> 
  custom:container-demuxer-webm: 4f35f7cbe854078d1ac9338744f61a02 -> 
  custom:container-demuxer-ogg: 62fdf1f143b41e24485cea50d1cbac27 -> 
  custom:video-encoder-webm-vp8: eb34c28f22e8b96e1ab97ce403110664 -> 
  custom:video-decoder-webm-vp8: 9c59270c3fd7afecdb556c50c9e8de78 -> 
  custom:audio-decoder-ogg-vorbis: bf7c407c2cedff20999df2af8eb42d56 -> 
  custom:audio-encoder-webm-vorbis: bf7c407c2cedff20999df2af8eb42d56 -> 
========================================================================
Received Prepare
Registering precompiled user dll's ...
Registered in 0.009011 seconds.
Begin MonoManager ReloadAssembly
Native extension for WindowsStandalone target not found
Refreshing native plugins compatible for Editor in 0.75 ms, found 2 plugins.
Preloading 0 native plugins for Editor in 0.00 ms.
Mono: successfully reloaded assembly
- Completed reload, in  2.336 seconds
Platform modules already initialized, skipping
Refreshing native plugins compatible for Editor in 0.79 ms, found 2 plugins.
Preloading 0 native plugins for Editor in 0.00 ms.
Unloading 1388 Unused Serialized files (Serialized files now loaded: 0)
System memory in use before: 69.0 MB.
System memory in use after: 69.1 MB.

Unloading 14 unused Assets to reduce memory usage. Loaded Objects now: 1928.
Total: 4.611900 ms (FindLiveObjects: 0.367100 ms CreateObjectMapping: 0.108800 ms MarkObjects: 3.995300 ms  DeleteObjects: 0.136700 ms)

AssetImportParameters requested are different than current active one (requested -> active):
  custom:framework-win-MediaFoundation: 216162199b28c13a410421893ffa2e32 -> 
  custom:video-decoder-ogg-theora: a1e56fd34408186e4bbccfd4996cb3dc -> 
  custom:container-muxer-webm: aa71ff27fc2769a1b78a27578f13a17b -> 
  custom:container-demuxer-webm: 4f35f7cbe854078d1ac9338744f61a02 -> 
  custom:container-demuxer-ogg: 62fdf1f143b41e24485cea50d1cbac27 -> 
  custom:video-encoder-webm-vp8: eb34c28f22e8b96e1ab97ce403110664 -> 
  custom:video-decoder-webm-vp8: 9c59270c3fd7afecdb556c50c9e8de78 -> 
  custom:audio-decoder-ogg-vorbis: bf7c407c2cedff20999df2af8eb42d56 -> 
  custom:audio-encoder-webm-vorbis: bf7c407c2cedff20999df2af8eb42d56 -> 
========================================================================
Received Import Request.
  Time since last request: 353.069885 seconds.
  path: Assets/Scripts/Pickup.cs
  artifactKey: Guid(a600eb9badcf65e41a8a561dd351d2cd) Importer(815301076,1909f56bfc062723c751e8b465ee728b)
Start importing Assets/Scripts/Pickup.cs using Guid(a600eb9badcf65e41a8a561dd351d2cd) Importer(815301076,1909f56bfc062723c751e8b465ee728b)  -> (artifact id: '7b83ecd1a8bdd057863ed9a7486f41c1') in 0.013761 seconds 
  Import took 0.020714 seconds .

========================================================================
Received Import Request.
  Time since last request: 15.866457 seconds.
  path: Assets/Scripts/moveToGoal.cs
  artifactKey: Guid(e304ebce5774ebc4891fe38710f3848f) Importer(815301076,1909f56bfc062723c751e8b465ee728b)
Start importing Assets/Scripts/moveToGoal.cs using Guid(e304ebce5774ebc4891fe38710f3848f) Importer(815301076,1909f56bfc062723c751e8b465ee728b)  -> (artifact id: '92474764712c23beebac48399d793e49') in 0.036723 seconds 
  Import took 0.044148 seconds .

========================================================================
Received Import Request.
  Time since last request: 0.006686 seconds.
  path: Assets/Scripts/moveToGoal.cs
  artifactKey: Guid(e304ebce5774ebc4891fe38710f3848f) Importer(815301076,1909f56bfc062723c751e8b465ee728b)
Start importing Assets/Scripts/moveToGoal.cs using Guid(e304ebce5774ebc4891fe38710f3848f) Importer(815301076,1909f56bfc062723c751e8b465ee728b)  -> (artifact id: '92474764712c23beebac48399d793e49') in 0.006319 seconds 
  Import took 0.012994 seconds .

========================================================================
Received Import Request.
  Time since last request: 19.575499 seconds.
  path: Assets/Scripts/moveToGoal.cs
  artifactKey: Guid(e304ebce5774ebc4891fe38710f3848f) Importer(815301076,1909f56bfc062723c751e8b465ee728b)
Start importing Assets/Scripts/moveToGoal.cs using Guid(e304ebce5774ebc4891fe38710f3848f) Importer(815301076,1909f56bfc062723c751e8b465ee728b)  -> (artifact id: '3f89daced00efdd7f0c88cd22cf70d1f') in 0.009106 seconds 
  Import took 0.014993 seconds .

========================================================================
Received Import Request.
  Time since last request: 260.801959 seconds.
  path: Assets/moveToGoal.cs
  artifactKey: Guid(f0821822e364b254ba50a79b52944f6c) Importer(815301076,1909f56bfc062723c751e8b465ee728b)
Start importing Assets/moveToGoal.cs using Guid(f0821822e364b254ba50a79b52944f6c) Importer(815301076,1909f56bfc062723c751e8b465ee728b)  -> (artifact id: 'e2ea8c5169b0da9de7d191478a4581d7') in 0.006492 seconds 
  Import took 0.012729 seconds .

========================================================================
Received Prepare
Registering precompiled user dll's ...
Registered in 0.008373 seconds.
Begin MonoManager ReloadAssembly
Native extension for WindowsStandalone target not found
Refreshing native plugins compatible for Editor in 1.05 ms, found 2 plugins.
Preloading 0 native plugins for Editor in 0.00 ms.
Mono: successfully reloaded assembly
- Completed reload, in  2.365 seconds
Platform modules already initialized, skipping
Refreshing native plugins compatible for Editor in 0.73 ms, found 2 plugins.
Preloading 0 native plugins for Editor in 0.00 ms.
Unloading 1388 Unused Serialized files (Serialized files now loaded: 0)
System memory in use before: 69.0 MB.
System memory in use after: 69.1 MB.

Unloading 15 unused Assets to reduce memory usage. Loaded Objects now: 1931.
Total: 4.567600 ms (FindLiveObjects: 0.331900 ms CreateObjectMapping: 0.112100 ms MarkObjects: 3.985600 ms  DeleteObjects: 0.134800 ms)

AssetImportParameters requested are different than current active one (requested -> active):
  custom:framework-win-MediaFoundation: 216162199b28c13a410421893ffa2e32 -> 
  custom:video-decoder-ogg-theora: a1e56fd34408186e4bbccfd4996cb3dc -> 
  custom:container-muxer-webm: aa71ff27fc2769a1b78a27578f13a17b -> 
  custom:container-demuxer-webm: 4f35f7cbe854078d1ac9338744f61a02 -> 
  custom:container-demuxer-ogg: 62fdf1f143b41e24485cea50d1cbac27 -> 
  custom:video-encoder-webm-vp8: eb34c28f22e8b96e1ab97ce403110664 -> 
  custom:video-decoder-webm-vp8: 9c59270c3fd7afecdb556c50c9e8de78 -> 
  custom:audio-decoder-ogg-vorbis: bf7c407c2cedff20999df2af8eb42d56 -> 
  custom:audio-encoder-webm-vorbis: bf7c407c2cedff20999df2af8eb42d56 -> 
========================================================================
Received Import Request.
  Time since last request: 17.314830 seconds.
  path: Assets/Pickup.cs
  artifactKey: Guid(9e96215b07bd53f4f9c5d19518719d47) Importer(815301076,1909f56bfc062723c751e8b465ee728b)
Start importing Assets/Pickup.cs using Guid(9e96215b07bd53f4f9c5d19518719d47) Importer(815301076,1909f56bfc062723c751e8b465ee728b)  -> (artifact id: '4107582434ce006990b22adbd5e0276b') in 0.009747 seconds 
  Import took 0.016715 seconds .

========================================================================
Received Prepare
Registering precompiled user dll's ...
Registered in 0.008523 seconds.
Begin MonoManager ReloadAssembly
Native extension for WindowsStandalone target not found
Refreshing native plugins compatible for Editor in 0.74 ms, found 2 plugins.
Preloading 0 native plugins for Editor in 0.00 ms.
Mono: successfully reloaded assembly
- Completed reload, in  2.421 seconds
Platform modules already initialized, skipping
Refreshing native plugins compatible for Editor in 0.75 ms, found 2 plugins.
Preloading 0 native plugins for Editor in 0.00 ms.
Unloading 1387 Unused Serialized files (Serialized files now loaded: 0)
System memory in use before: 69.0 MB.
System memory in use after: 69.1 MB.

Unloading 15 unused Assets to reduce memory usage. Loaded Objects now: 1933.
Total: 5.129800 ms (FindLiveObjects: 0.349200 ms CreateObjectMapping: 0.110400 ms MarkObjects: 4.521700 ms  DeleteObjects: 0.144400 ms)

AssetImportParameters requested are different than current active one (requested -> active):
  custom:framework-win-MediaFoundation: 216162199b28c13a410421893ffa2e32 -> 
  custom:video-decoder-ogg-theora: a1e56fd34408186e4bbccfd4996cb3dc -> 
  custom:container-muxer-webm: aa71ff27fc2769a1b78a27578f13a17b -> 
  custom:container-demuxer-webm: 4f35f7cbe854078d1ac9338744f61a02 -> 
  custom:container-demuxer-ogg: 62fdf1f143b41e24485cea50d1cbac27 -> 
  custom:video-encoder-webm-vp8: eb34c28f22e8b96e1ab97ce403110664 -> 
  custom:video-decoder-webm-vp8: 9c59270c3fd7afecdb556c50c9e8de78 -> 
  custom:audio-decoder-ogg-vorbis: bf7c407c2cedff20999df2af8eb42d56 -> 
  custom:audio-encoder-webm-vorbis: bf7c407c2cedff20999df2af8eb42d56 -> 
========================================================================
Received Prepare
Registering precompiled user dll's ...
Registered in 0.009279 seconds.
Begin MonoManager ReloadAssembly
Native extension for WindowsStandalone target not found
Refreshing native plugins compatible for Editor in 0.74 ms, found 2 plugins.
Preloading 0 native plugins for Editor in 0.00 ms.
Mono: successfully reloaded assembly
- Completed reload, in  3.554 seconds
Platform modules already initialized, skipping
Refreshing native plugins compatible for Editor in 0.73 ms, found 2 plugins.
Preloading 0 native plugins for Editor in 0.00 ms.
Unloading 1387 Unused Serialized files (Serialized files now loaded: 0)
System memory in use before: 69.0 MB.
System memory in use after: 69.1 MB.

Unloading 14 unused Assets to reduce memory usage. Loaded Objects now: 1936.
Total: 4.834800 ms (FindLiveObjects: 0.330600 ms CreateObjectMapping: 0.108000 ms MarkObjects: 4.260500 ms  DeleteObjects: 0.132100 ms)

AssetImportParameters requested are different than current active one (requested -> active):
  custom:framework-win-MediaFoundation: 216162199b28c13a410421893ffa2e32 -> 
  custom:video-decoder-ogg-theora: a1e56fd34408186e4bbccfd4996cb3dc -> 
  custom:container-muxer-webm: aa71ff27fc2769a1b78a27578f13a17b -> 
  custom:container-demuxer-webm: 4f35f7cbe854078d1ac9338744f61a02 -> 
  custom:container-demuxer-ogg: 62fdf1f143b41e24485cea50d1cbac27 -> 
  custom:video-encoder-webm-vp8: eb34c28f22e8b96e1ab97ce403110664 -> 
  custom:video-decoder-webm-vp8: 9c59270c3fd7afecdb556c50c9e8de78 -> 
  custom:audio-decoder-ogg-vorbis: bf7c407c2cedff20999df2af8eb42d56 -> 
  custom:audio-encoder-webm-vorbis: bf7c407c2cedff20999df2af8eb42d56 -> 
========================================================================
Received Import Request.
  Time since last request: 243.078982 seconds.
  path: Assets/Scripts/moveToGoal.cs
  artifactKey: Guid(e304ebce5774ebc4891fe38710f3848f) Importer(815301076,1909f56bfc062723c751e8b465ee728b)
Start importing Assets/Scripts/moveToGoal.cs using Guid(e304ebce5774ebc4891fe38710f3848f) Importer(815301076,1909f56bfc062723c751e8b465ee728b)  -> (artifact id: 'aa969b07ccc0652b030ab861c5208052') in 0.012613 seconds 
  Import took 0.021395 seconds .

========================================================================
Received Import Request.
  Time since last request: 0.005114 seconds.
  path: Assets/Scripts/moveToGoal.cs
  artifactKey: Guid(e304ebce5774ebc4891fe38710f3848f) Importer(815301076,1909f56bfc062723c751e8b465ee728b)
Start importing Assets/Scripts/moveToGoal.cs using Guid(e304ebce5774ebc4891fe38710f3848f) Importer(815301076,1909f56bfc062723c751e8b465ee728b)  -> (artifact id: 'aa969b07ccc0652b030ab861c5208052') in 0.007075 seconds 
  Import took 0.012318 seconds .

========================================================================
Received Prepare
Registering precompiled user dll's ...
Registered in 0.009671 seconds.
Begin MonoManager ReloadAssembly
Native extension for WindowsStandalone target not found
Refreshing native plugins compatible for Editor in 0.76 ms, found 2 plugins.
Preloading 0 native plugins for Editor in 0.00 ms.
Mono: successfully reloaded assembly
- Completed reload, in  2.797 seconds
Platform modules already initialized, skipping
Refreshing native plugins compatible for Editor in 0.75 ms, found 2 plugins.
Preloading 0 native plugins for Editor in 0.00 ms.
Unloading 1387 Unused Serialized files (Serialized files now loaded: 0)
System memory in use before: 69.0 MB.
System memory in use after: 69.1 MB.

Unloading 14 unused Assets to reduce memory usage. Loaded Objects now: 1939.
Total: 6.869800 ms (FindLiveObjects: 0.869200 ms CreateObjectMapping: 0.210900 ms MarkObjects: 5.630600 ms  DeleteObjects: 0.155100 ms)

AssetImportParameters requested are different than current active one (requested -> active):
  custom:framework-win-MediaFoundation: 216162199b28c13a410421893ffa2e32 -> 
  custom:video-decoder-ogg-theora: a1e56fd34408186e4bbccfd4996cb3dc -> 
  custom:container-muxer-webm: aa71ff27fc2769a1b78a27578f13a17b -> 
  custom:container-demuxer-webm: 4f35f7cbe854078d1ac9338744f61a02 -> 
  custom:container-demuxer-ogg: 62fdf1f143b41e24485cea50d1cbac27 -> 
  custom:video-encoder-webm-vp8: eb34c28f22e8b96e1ab97ce403110664 -> 
  custom:video-decoder-webm-vp8: 9c59270c3fd7afecdb556c50c9e8de78 -> 
  custom:audio-decoder-ogg-vorbis: bf7c407c2cedff20999df2af8eb42d56 -> 
  custom:audio-encoder-webm-vorbis: bf7c407c2cedff20999df2af8eb42d56 -> 
========================================================================
Received Prepare
Registering precompiled user dll's ...
Registered in 0.009153 seconds.
Begin MonoManager ReloadAssembly
Native extension for WindowsStandalone target not found
Refreshing native plugins compatible for Editor in 0.74 ms, found 2 plugins.
Preloading 0 native plugins for Editor in 0.00 ms.
Mono: successfully reloaded assembly
- Completed reload, in  2.463 seconds
Platform modules already initialized, skipping
Refreshing native plugins compatible for Editor in 0.74 ms, found 2 plugins.
Preloading 0 native plugins for Editor in 0.00 ms.
Unloading 1387 Unused Serialized files (Serialized files now loaded: 0)
System memory in use before: 69.0 MB.
System memory in use after: 69.1 MB.

Unloading 14 unused Assets to reduce memory usage. Loaded Objects now: 1942.
Total: 5.011100 ms (FindLiveObjects: 0.332100 ms CreateObjectMapping: 0.116300 ms MarkObjects: 4.402600 ms  DeleteObjects: 0.156100 ms)

AssetImportParameters requested are different than current active one (requested -> active):
  custom:framework-win-MediaFoundation: 216162199b28c13a410421893ffa2e32 -> 
  custom:video-decoder-ogg-theora: a1e56fd34408186e4bbccfd4996cb3dc -> 
  custom:container-muxer-webm: aa71ff27fc2769a1b78a27578f13a17b -> 
  custom:container-demuxer-webm: 4f35f7cbe854078d1ac9338744f61a02 -> 
  custom:container-demuxer-ogg: 62fdf1f143b41e24485cea50d1cbac27 -> 
  custom:video-encoder-webm-vp8: eb34c28f22e8b96e1ab97ce403110664 -> 
  custom:video-decoder-webm-vp8: 9c59270c3fd7afecdb556c50c9e8de78 -> 
  custom:audio-decoder-ogg-vorbis: bf7c407c2cedff20999df2af8eb42d56 -> 
  custom:audio-encoder-webm-vorbis: bf7c407c2cedff20999df2af8eb42d56 -> 
AssetImportWorkerClient::OnTransportError - code=2 error=End of file
